<?xml version="1.0" encoding="UTF-8"?>
<!-- Generated by org.testng.reporters.JUnitXMLReporter -->
<testsuite ignored="0" hostname="RGCWP16JWC" failures="1" tests="11" name="Surefire test" time="1.71" errors="0" timestamp="2024-11-26T20:56:20 WIB">
  <testcase classname="ParallelTest" name="testMethod1" time="0.008"/>
  <testcase classname="ParallelTest" name="testMethod2" time="0.0"/>
  <testcase classname="ParallelTest" name="testMethod3" time="0.0"/>
  <testcase classname="ParallelTest" name="testRetry" time="0.0">
    <skipped/>
  </testcase> <!-- testRetry -->
  <testcase classname="ParallelTest" name="testRetry" time="0.0">
    <skipped/>
  </testcase> <!-- testRetry -->
  <testcase classname="ParallelTest" name="testRetry" time="0.0">
    <failure type="java.lang.AssertionError">
      <![CDATA[java.lang.AssertionError
at ParallelTest.testRetry(ParallelTest.java:22)
at java.base/java.util.ArrayList.forEach(ArrayList.java:1541)
... Removed 32 stack frames]]>
    </failure>
  </testcase> <!-- testRetry -->
  <testcase classname="scenario.RestAssuredTest" name="AddObject" time="0.632"/>
  <testcase classname="scenario.RestAssuredTest" name="GetAllObjects" time="0.187"/>
  <testcase classname="scenario.RestAssuredTest" name="UpdateObject" time="0.173"/>
  <testcase classname="scenario.RestAssuredTest" name="DeleteDataObject" time="0.231"/>
  <testcase classname="scenario.RestAssuredTest" name="GetAllObjectsByIds" time="0.201"/>
</testsuite> <!-- Surefire test -->
